Flutter crash report.
Please report a bug at https://github.com/flutter/flutter/issues.

## command

flutter build ios

## exception

ProcessException: ProcessException: Process exited abnormally with exit code 12:
building file list ... done
Runner.app/
Runner.app/AppFrameworkInfo.plist
Runner.app/AppIcon60x60@2x.png
Runner.app/AppIcon76x76@2x~ipad.png
Runner.app/Assets.car
Runner.app/GoogleService-Info.plist
Runner.app/Info.plist
Runner.app/PkgInfo
Runner.app/Runner
Runner.app/embedded.mobileprovision
Runner.app/Base.lproj/
Runner.app/Base.lproj/LaunchScreen.storyboardc/
Runner.app/Base.lproj/LaunchScreen.storyboardc/01J-lp-oVM-view-Ze5-6b-2t3.nib
Runner.app/Base.lproj/LaunchScreen.storyboardc/Info.plist
Runner.app/Base.lproj/LaunchScreen.storyboardc/UIViewController-01J-lp-oVM.nib
Runner.app/Base.lproj/Main.storyboardc/
Runner.app/Base.lproj/Main.storyboardc/BYZ-38-t0r-view-8bC-Xf-vdC.nib
Runner.app/Base.lproj/Main.storyboardc/Info.plist
Runner.app/Base.lproj/Main.storyboardc/UIViewController-BYZ-38-t0r.nib
Runner.app/Frameworks/
Runner.app/Frameworks/libswiftAVFoundation.dylib
Runner.app/Frameworks/libswiftCore.dylib
Runner.app/Frameworks/libswiftCoreAudio.dylib
Runner.app/Frameworks/libswiftCoreFoundation.dylib
Runner.app/Frameworks/libswiftCoreGraphics.dylib
Runner.app/Frameworks/libswiftCoreImage.dylib
Runner.app/Frameworks/libswiftCoreMedia.dylib
Runner.app/Frameworks/libswiftDarwin.dylib
Runner.app/Frameworks/libswiftDispatch.dylib

rsync: writefd_unbuffered failed to write 32768 bytes [sender]: Broken pipe (32)
rsync: write failed on "/Users/stipestaglicic/Desktop/projects/provir_search/build/ios/iphoneos/Runner.app/Frameworks/libswiftDispatch.dylib": No space left on device (28)
rsync error: error in file IO (code 11) at /AppleInternal/Library/BuildRoots/bc10cbcd-3cda-11ee-b8ac-16228a05f5d2/Library/Caches/com.apple.xbs/Sources/rsync/rsync/receiver.c(268) [receiver=2.6.9]
rsync: connection unexpectedly closed (10276 bytes received so far) [generator]
rsync error: error in rsync protocol data stream (code 12) at /AppleInternal/Library/BuildRoots/bc10cbcd-3cda-11ee-b8ac-16228a05f5d2/Library/Caches/com.apple.xbs/Sources/rsync/rsync/io.c(453) [generator=2.6.9]
rsync: connection unexpectedly closed (566 bytes received so far) [sender]
rsync error: error in rsync protocol data stream (code 12) at /AppleInternal/Library/BuildRoots/bc10cbcd-3cda-11ee-b8ac-16228a05f5d2/Library/Caches/com.apple.xbs/Sources/rsync/rsync/io.c(453) [sender=2.6.9]
  Command: rsync -8 -av --delete /Users/stipestaglicic/Desktop/projects/provir_search/build/ios/Release-iphoneos/Runner.app /Users/stipestaglicic/Desktop/projects/provir_search/build/ios/iphoneos

```
#0      RunResult.throwException (package:flutter_tools/src/base/process.dart:122:5)
#1      _DefaultProcessUtils.run (package:flutter_tools/src/base/process.dart:389:19)
<asynchronous suspension>
#2      buildXcodeProject (package:flutter_tools/src/ios/mac.dart:525:9)
<asynchronous suspension>
#3      _BuildIOSSubCommand.runCommand (package:flutter_tools/src/commands/build_ios.dart:701:37)
<asynchronous suspension>
#4      FlutterCommand.run.<anonymous closure> (package:flutter_tools/src/runner/flutter_command.dart:1450:27)
<asynchronous suspension>
#5      AppContext.run.<anonymous closure> (package:flutter_tools/src/base/context.dart:153:19)
<asynchronous suspension>
#6      CommandRunner.runCommand (package:args/command_runner.dart:212:13)
<asynchronous suspension>
#7      FlutterCommandRunner.runCommand.<anonymous closure> (package:flutter_tools/src/runner/flutter_command_runner.dart:421:9)
<asynchronous suspension>
#8      AppContext.run.<anonymous closure> (package:flutter_tools/src/base/context.dart:153:19)
<asynchronous suspension>
#9      FlutterCommandRunner.runCommand (package:flutter_tools/src/runner/flutter_command_runner.dart:364:5)
<asynchronous suspension>
#10     run.<anonymous closure>.<anonymous closure> (package:flutter_tools/runner.dart:131:9)
<asynchronous suspension>
#11     AppContext.run.<anonymous closure> (package:flutter_tools/src/base/context.dart:153:19)
<asynchronous suspension>
#12     main (package:flutter_tools/executable.dart:94:3)
<asynchronous suspension>
```

## flutter doctor

```
[32m[✓][39m Flutter (Channel master, 3.26.0-1.0.pre.263, on macOS 12.7.2 21G1974
    darwin-x64, locale hr-HR)
    [32m•[39m Flutter version 3.26.0-1.0.pre.263 on channel master at
      /Users/stipestaglicic/development/flutter
    [32m•[39m Upstream repository https://github.com/flutter/flutter.git
    [32m•[39m Framework revision 4fdfbd4dde (3 days ago), 2024-09-29 02:21:39 -0400
    [32m•[39m Engine revision 569abc4044
    [32m•[39m Dart version 3.6.0 (build 3.6.0-279.0.dev)
    [32m•[39m DevTools version 2.40.0-dev.1

[32m[✓][39m Android toolchain - develop for Android devices (Android SDK version 34.0.0)
    [32m•[39m Android SDK at /Users/stipestaglicic/Library/Android/sdk
    [32m•[39m Platform android-34, build-tools 34.0.0
    [32m•[39m Java binary at: /Applications/Android
      Studio.app/Contents/jbr/Contents/Home/bin/java
    [32m•[39m Java version OpenJDK Runtime Environment (build
      17.0.7+0-17.0.7b1000.6-10550314)
    [32m•[39m All Android licenses accepted.

[33m[!][39m Xcode - develop for iOS and macOS (Xcode 14.2)
    [32m•[39m Xcode at /Applications/Xcode.app/Contents/Developer
    [32m•[39m Build 14C18
    [33m![39m Flutter recommends a minimum Xcode version of 15.
      Download the latest version or update via the Mac App Store.
    [32m•[39m CocoaPods version 1.15.2

[32m[✓][39m Chrome - develop for the web
    [32m•[39m Chrome at /Applications/Google Chrome.app/Contents/MacOS/Google Chrome

[32m[✓][39m Android Studio (version 2023.1)
    [32m•[39m Android Studio at /Applications/Android Studio.app/Contents
    [32m•[39m Flutter plugin can be installed from:
      🔨 https://plugins.jetbrains.com/plugin/9212-flutter
    [32m•[39m Dart plugin can be installed from:
      🔨 https://plugins.jetbrains.com/plugin/6351-dart
    [32m•[39m Java version OpenJDK Runtime Environment (build
      17.0.7+0-17.0.7b1000.6-10550314)

[32m[✓][39m VS Code (version 1.93.1)
    [32m•[39m VS Code at /Applications/Visual Studio Code.app/Contents
    [32m•[39m Flutter extension version 3.98.0

[32m[✓][39m Connected device (3 available)
    [32m•[39m iPhone 14 Pro (mobile) • EC02A0A5-468D-4F16-984F-6496CECF455B • ios
      • com.apple.CoreSimulator.SimRuntime.iOS-16-2 (simulator)
    [32m•[39m macOS (desktop)        • macos                                • darwin-x64
      • macOS 12.7.2 21G1974 darwin-x64
    [32m•[39m Chrome (web)           • chrome                               •
      web-javascript • Google Chrome 129.0.6668.70

[32m[✓][39m Network resources
    [32m•[39m All expected network resources are available.

[33m![39m Doctor found issues in 1 category.
```
